
> medexpress@0.1.0 dev
> next dev

▲ Next.js 16.2.6 (Turbopack)
- Local:         http://localhost:3000
- Network:       http://192.168.100.7:3000
- Environments: .env.local
✓ Ready in 577ms
Creating turbopack project { dir: 'C:\\Users\\malawy\\.Origin\\medexpress', testMode: true }

 GET /cart 200 in 1397ms (next.js: 241ms, application-code: 1155ms)
 GET /admin/login 200 in 1385ms (next.js: 646ms, application-code: 739ms)
 GET / 200 in 778ms (next.js: 170ms, application-code: 608ms)
 GET /admin/orders 200 in 649ms (next.js: 214ms, application-code: 435ms)
 GET /admin/login 200 in 313ms (next.js: 16ms, application-code: 297ms)
 GET / 200 in 665ms (next.js: 5ms, application-code: 660ms)
 GET / 200 in 211ms (next.js: 3ms, application-code: 208ms)
 GET / 200 in 172ms (next.js: 6ms, application-code: 166ms)
✓ Compiled in 186ms
 GET /admin/login 200 in 556ms (next.js: 75ms, application-code: 481ms)
 GET / 200 in 354ms (next.js: 70ms, application-code: 284ms)
 GET /cart 200 in 361ms (next.js: 22ms, application-code: 338ms)
 GET /admin/orders 200 in 360ms (next.js: 215ms, application-code: 145ms)
 GET /admin/login 200 in 360ms (next.js: 254ms, application-code: 106ms)
 GET / 200 in 116ms (next.js: 7ms, application-code: 108ms)
 GET / 200 in 85ms (next.js: 12ms, application-code: 72ms)
✓ Compiled in 125ms
 GET / 200 in 478ms (next.js: 121ms, application-code: 356ms)
 GET /admin/login 200 in 479ms (next.js: 59ms, application-code: 420ms)
 GET /cart 200 in 483ms (next.js: 167ms, application-code: 316ms)
 GET /admin/orders 200 in 483ms (next.js: 291ms, application-code: 192ms)
 GET / 200 in 130ms (next.js: 7ms, application-code: 123ms)
 GET /admin/login 200 in 235ms (next.js: 53ms, application-code: 182ms)
 GET / 200 in 173ms (next.js: 40ms, application-code: 133ms)
 GET /cart 200 in 211ms (next.js: 8ms, application-code: 203ms)
 GET / 200 in 175ms (next.js: 69ms, application-code: 106ms)
 GET / 200 in 112ms (next.js: 38ms, application-code: 75ms)
 GET /admin/orders 200 in 216ms (next.js: 40ms, application-code: 176ms)
 GET / 200 in 114ms (next.js: 6ms, application-code: 109ms)
 GET /admin/login 200 in 129ms (next.js: 9ms, application-code: 121ms)
 GET /admin/login 200 in 130ms (next.js: 62ms, application-code: 67ms)
 GET /admin/orders 200 in 285ms (next.js: 5ms, application-code: 280ms)
 GET / 200 in 158ms (next.js: 4ms, application-code: 153ms)
 GET /search 200 in 259ms (next.js: 45ms, application-code: 214ms)
 GET / 200 in 134ms (next.js: 4ms, application-code: 131ms)
 GET / 200 in 110ms (next.js: 4ms, application-code: 107ms)
 GET / 200 in 108ms (next.js: 3ms, application-code: 106ms)
 GET /search 200 in 157ms (next.js: 3ms, application-code: 154ms)
 GET /search 200 in 162ms (next.js: 3ms, application-code: 159ms)
 GET /cart 200 in 111ms (next.js: 5ms, application-code: 105ms)
 GET /dashboard 200 in 184ms (next.js: 38ms, application-code: 145ms)
 GET / 200 in 112ms (next.js: 3ms, application-code: 109ms)
 GET / 200 in 110ms (next.js: 3ms, application-code: 107ms)
 GET / 200 in 110ms (next.js: 4ms, application-code: 106ms)
 GET / 200 in 118ms (next.js: 3ms, application-code: 115ms)
[?25h
